<?xml version="1.0" encoding="UTF-8"?>
<!-- Generated by org.testng.reporters.JUnitXMLReporter -->
<testsuite ignored="0" hostname="SCTL-BA-I3-16" failures="0" tests="3" name="Default test" time="91.342" errors="0" timestamp="18 Jan 2019 05:58:10 GMT">
  <testcase classname="com.crm.qa.testcases.ContactPageTest" name="verifyContactPageLabel" time="0.049"/>
  <testcase classname="com.crm.qa.testcases.ContactPageTest" name="selectContactsTest" time="0.222"/>
  <testcase classname="com.crm.qa.testcases.ContactPageTest" name="selectmultipleContactsTest" time="0.46"/>
</testsuite> <!-- Default test -->
