<?xml version="1.0" encoding="UTF-8"?>
<!-- Generated by org.testng.reporters.JUnitXMLReporter -->
<testsuite hostname="SCTL-BA-I3-16" ignored="0" name="Command line test" tests="4" failures="0" timestamp="22 Jan 2019 11:49:17 GMT" time="93.479" errors="0">
  <testcase name="verifyContactPageLabel" time="0.066" classname="com.crm.qa.testcases.ContactPageTest"/>
  <testcase name="verifyHomePageTitle" time="0.005" classname="com.crm.qa.testcases.HomePageTest"/>
  <testcase name="loginPageTitleTest" time="0.013" classname="com.crm.qa.testcases.LoginPageTest"/>
  <testcase name="selectContactsTest" time="0.223" classname="com.crm.qa.testcases.ContactPageTest"/>
</testsuite> <!-- Command line test -->
